(300, 50)
(300,)
========================Lagrange dual: ========================
N samples: 300, N features: 50
Final beta: [ 1.09877700e-03  0.00000000e+00  0.00000000e+00  0.00000000e+00
  1.10534582e-03  0.00000000e+00  0.00000000e+00 -3.26534202e-01
 -3.40976529e-01  1.77986693e-03  5.67353913e-01 -1.12496938e+00
  1.67961837e-01  0.00000000e+00  0.00000000e+00  0.00000000e+00
  2.03360602e+00  0.00000000e+00  0.00000000e+00  0.00000000e+00
  1.29254459e-03  0.00000000e+00  1.17719325e-03  0.00000000e+00
  0.00000000e+00  1.02527579e-03  0.00000000e+00  0.00000000e+00
  1.62649089e-03  0.00000000e+00  0.00000000e+00 -3.40470848e-02
  1.03803203e-03  0.00000000e+00  1.80916008e-01  1.99835870e-03
  2.22192555e-03  1.24956336e-03  0.00000000e+00  1.62167696e-03
  0.00000000e+00  0.00000000e+00  0.00000000e+00  0.00000000e+00
  0.00000000e+00  0.00000000e+00  7.24950961e-02  0.00000000e+00
  2.24253568e-01  0.00000000e+00]
Final v: [5000.00000068]
MSE minimum result: 5.218484316872353e-05
Sparsity result: 22
Total time used: 0.17539037496317178
========================Gradient descent: ========================
N samples: 300, N features: 50
(Initial) Learning rate: 0.1, lambda1: 1e-05, lambda2: 1e-05
Converged: True, n_iters: 80
Final beta: [ 0.00000000e+00  0.00000000e+00  1.34842535e-03  0.00000000e+00
  0.00000000e+00 -3.38462919e-03  3.36750797e-03 -3.25217050e-01
 -3.42177870e-01  0.00000000e+00  5.61580478e-01 -1.12111114e+00
  1.65532122e-01  0.00000000e+00 -2.90682194e-03 -6.90992812e-03
  2.02407012e+00  0.00000000e+00 -2.93401454e-03  0.00000000e+00
  3.71274829e-03 -2.13204017e-03  1.54182496e-03 -1.20740268e-03
 -3.34159088e-03  1.95716814e-03  2.60352451e-03 -3.19173617e-03
  3.14460414e-03 -5.89205825e-03  0.00000000e+00 -3.51344162e-02
 -3.56415285e-03  0.00000000e+00  1.79222005e-01  0.00000000e+00
 -1.48981794e-03  2.66735246e-03  1.80726153e-03  0.00000000e+00
  2.41737210e-03  1.88183846e-03 -3.53542048e-03  1.64900088e-03
  2.17434390e-03  0.00000000e+00  7.35489545e-02  3.07609461e-03
  2.21652089e-01  2.81284976e-03]
Objective function minimum result: 0.00024635678045969187
MSE minimum result: 0.00013502250685075383
Sparsity result: 37
Total time used: 0.0022131659789010882
========================Steepest descent: ========================
N samples: 300, N features: 50
(Initial) Learning rate: 0.1, lambda1: 1e-05, lambda2: 1e-05
Converged: True, n_iters: 11
Final beta: [ 0.00000000e+00  0.00000000e+00  0.00000000e+00  0.00000000e+00
  0.00000000e+00 -1.72681120e-03  0.00000000e+00 -3.27056130e-01
 -3.41721770e-01  0.00000000e+00  5.65743668e-01 -1.12593268e+00
  1.67903150e-01  0.00000000e+00 -1.30158458e-03 -1.10190307e-03
  2.03157954e+00  0.00000000e+00  0.00000000e+00  0.00000000e+00
  1.70168990e-03  0.00000000e+00  0.00000000e+00  0.00000000e+00
  0.00000000e+00  1.02026286e-03  0.00000000e+00  0.00000000e+00
  1.69865970e-03 -1.04772935e-03  0.00000000e+00 -3.45602791e-02
  0.00000000e+00  0.00000000e+00  1.81192358e-01  1.50739373e-03
  1.01034338e-03  0.00000000e+00  0.00000000e+00  0.00000000e+00
  0.00000000e+00  0.00000000e+00 -1.14255269e-03  0.00000000e+00
  0.00000000e+00  0.00000000e+00  7.25471523e-02  0.00000000e+00
  2.22818861e-01  0.00000000e+00]
Objective function minimum result: 0.00016033724709066329
MSE minimum result: 4.893418687850188e-05
Sparsity result: 20
Total time used: 0.0029649579664692283
========================Newton: ========================
N samples: 300, N features: 50
(Initial) Learning rate: 0.1, lambda1: 1e-05, lambda2: 1e-05
Converged: True, n_iters: 2
Final beta: [ 0.00000000e+00  0.00000000e+00  0.00000000e+00  0.00000000e+00
  0.00000000e+00 -1.26375304e-03  0.00000000e+00 -3.27562600e-01
 -3.41523851e-01  0.00000000e+00  5.66329321e-01 -1.12610665e+00
  1.67816214e-01  0.00000000e+00  0.00000000e+00  0.00000000e+00
  2.03221779e+00  0.00000000e+00  0.00000000e+00  0.00000000e+00
  1.25951340e-03  0.00000000e+00  0.00000000e+00  0.00000000e+00
  0.00000000e+00  0.00000000e+00  0.00000000e+00  0.00000000e+00
  1.27301307e-03  0.00000000e+00  0.00000000e+00 -3.44748507e-02
  0.00000000e+00  0.00000000e+00  1.81033312e-01  1.46102272e-03
  1.13761657e-03  0.00000000e+00  0.00000000e+00  0.00000000e+00
  0.00000000e+00  0.00000000e+00  0.00000000e+00  0.00000000e+00
  1.03818960e-03  0.00000000e+00  7.21654277e-02  0.00000000e+00
  2.23028392e-01  0.00000000e+00]
Objective function minimum result: 0.00015821392703847483
MSE minimum result: 4.6819284895189024e-05
Sparsity result: 16
Total time used: 0.00035866699181497097
========================Coordinate descent: ========================
N samples: 300, N features: 50
(Initial) Learning rate: 0.1, lambda1: 1e-05, lambda2: 1e-05
Converged: True, n_iters: 50
Final beta: [ 0.00000000e+00  0.00000000e+00  0.00000000e+00  0.00000000e+00
  0.00000000e+00 -1.37920585e-03  0.00000000e+00 -3.27637645e-01
 -3.41605033e-01  0.00000000e+00  5.66276433e-01 -1.12606293e+00
  1.67635128e-01  0.00000000e+00  0.00000000e+00  0.00000000e+00
  2.03221253e+00  0.00000000e+00  0.00000000e+00  0.00000000e+00
  1.08733525e-03  0.00000000e+00  0.00000000e+00  0.00000000e+00
  0.00000000e+00  0.00000000e+00  0.00000000e+00  0.00000000e+00
  1.21873248e-03  0.00000000e+00  0.00000000e+00 -3.44950089e-02
  0.00000000e+00  0.00000000e+00  1.81098613e-01  1.34612074e-03
  1.05346305e-03  0.00000000e+00  0.00000000e+00  0.00000000e+00
  0.00000000e+00  0.00000000e+00  0.00000000e+00  0.00000000e+00
  0.00000000e+00  0.00000000e+00  7.21518491e-02  0.00000000e+00
  2.23061648e-01  0.00000000e+00]
Objective function minimum result: 0.00015869862968555994
MSE minimum result: 4.731868358527675e-05
Sparsity result: 15
Total time used: 0.059141957899555564
========================Lagrange dual: ========================
N samples: 300, N features: 50
Final beta: [ 1.09877700e-03  0.00000000e+00  0.00000000e+00  0.00000000e+00
  1.10534582e-03  0.00000000e+00  0.00000000e+00 -3.26534202e-01
 -3.40976529e-01  1.77986693e-03  5.67353913e-01 -1.12496938e+00
  1.67961837e-01  0.00000000e+00  0.00000000e+00  0.00000000e+00
  2.03360602e+00  0.00000000e+00  0.00000000e+00  0.00000000e+00
  1.29254459e-03  0.00000000e+00  1.17719325e-03  0.00000000e+00
  0.00000000e+00  1.02527579e-03  0.00000000e+00  0.00000000e+00
  1.62649089e-03  0.00000000e+00  0.00000000e+00 -3.40470848e-02
  1.03803203e-03  0.00000000e+00  1.80916008e-01  1.99835870e-03
  2.22192555e-03  1.24956336e-03  0.00000000e+00  1.62167696e-03
  0.00000000e+00  0.00000000e+00  0.00000000e+00  0.00000000e+00
  0.00000000e+00  0.00000000e+00  7.24950961e-02  0.00000000e+00
  2.24253568e-01  0.00000000e+00]
Final v: [5000.00000068]
MSE minimum result: 5.218484316872353e-05
Sparsity result: 22
Total time used: 0.1867018329212442
========================Gradient descent: ========================
N samples: 300, N features: 50
(Initial) Learning rate: 0.01, lambda1: 0.001, lambda2: 0.001
Converged: True, n_iters: 596
Final beta: [-2.28820839e-03  0.00000000e+00  1.98833344e-03  0.00000000e+00
  1.94674157e-03 -4.74209135e-03  1.00459889e-02 -3.19648193e-01
 -3.40890114e-01  0.00000000e+00  5.48505388e-01 -1.10529820e+00
  1.58148207e-01  0.00000000e+00 -6.98710119e-03 -1.93068944e-02
  1.99836010e+00 -1.08481163e-03 -6.21000225e-03  0.00000000e+00
  6.06483821e-03 -5.58965053e-03  2.93496977e-03 -1.36832942e-03
 -9.38214515e-03  3.81575124e-03  7.34515526e-03 -7.05698964e-03
  5.54874271e-03 -1.45535537e-02  4.64582086e-03 -3.27520759e-02
 -7.19975731e-03  0.00000000e+00  1.71318210e-01  0.00000000e+00
 -4.37958991e-03  6.13396728e-03  5.37326438e-03  0.00000000e+00
  4.87660760e-03  5.45935982e-03 -7.89951843e-03  5.88956906e-03
  3.71295758e-03 -2.98340415e-03  7.50586451e-02  5.39715431e-03
  2.18461354e-01  7.75638483e-03]
Objective function minimum result: 0.012056853711737692
MSE minimum result: 0.0010537396362990848
Sparsity result: 42
Total time used: 0.014509124914184213
========================Steepest descent: ========================
N samples: 300, N features: 50
(Initial) Learning rate: 0.01, lambda1: 0.001, lambda2: 0.001
Converged: True, n_iters: 10
Final beta: [ 1.01338021e-03  1.29794764e-03  1.35813570e-03 -1.47528946e-03
  0.00000000e+00  0.00000000e+00  0.00000000e+00 -3.25969907e-01
 -3.39349145e-01  2.09031765e-03  5.63032010e-01 -1.11981038e+00
  1.65173737e-01  0.00000000e+00  1.77941213e-03  0.00000000e+00
  2.02589286e+00  0.00000000e+00  0.00000000e+00  1.13857051e-03
  0.00000000e+00  0.00000000e+00 -1.11939874e-03  1.03592567e-03
 -2.68631960e-03  0.00000000e+00 -1.47316488e-03 -3.87969012e-03
  0.00000000e+00  0.00000000e+00 -1.65427076e-03 -3.32492305e-02
 -1.63951290e-03  0.00000000e+00  1.77532141e-01  0.00000000e+00
  0.00000000e+00  0.00000000e+00  0.00000000e+00  2.58801437e-03
  1.53235947e-03  1.78481230e-03  0.00000000e+00  1.79163620e-03
  2.29998206e-03  0.00000000e+00  7.05465435e-02  0.00000000e+00
  2.20778362e-01  1.43965823e-03]
Objective function minimum result: 0.011256091549445268
MSE minimum result: 0.0001693470227890477
Sparsity result: 30
Total time used: 0.003156375023536384
========================Newton: ========================
N samples: 300, N features: 50
(Initial) Learning rate: 0.01, lambda1: 0.001, lambda2: 0.001
Converged: False, n_iters: 2000
Final beta: [-2.42075715e-03  0.00000000e+00  0.00000000e+00 -1.57209830e-03
  1.94100439e-03  0.00000000e+00 -1.10487783e-03 -3.25845277e-01
 -3.40131867e-01 -1.23198128e-03  5.62864881e-01 -1.12187006e+00
  1.65845276e-01 -2.09235915e-03 -2.23452383e-03  0.00000000e+00
  2.02709323e+00  1.31523188e-03  0.00000000e+00 -1.96183785e-03
  0.00000000e+00 -2.45612243e-03 -2.89047128e-03  1.15286952e-03
 -2.62020080e-03 -1.01729688e-03  0.00000000e+00  0.00000000e+00
  0.00000000e+00  1.36337619e-03  3.34461041e-03 -3.19267456e-02
  2.05830228e-03  0.00000000e+00  1.78980666e-01 -1.71911841e-03
  0.00000000e+00  0.00000000e+00  0.00000000e+00  0.00000000e+00
 -1.38650713e-03  0.00000000e+00  1.13897564e-03  0.00000000e+00
  2.75067606e-03  0.00000000e+00  7.06855674e-02 -1.89938599e-03
  2.22002045e-01  0.00000000e+00]
Objective function minimum result: 0.011211451697553701
MSE minimum result: 0.00010122495204481273
Sparsity result: 32
Total time used: 0.14619037508964539
========================Coordinate descent: ========================
N samples: 300, N features: 50
(Initial) Learning rate: 0.01, lambda1: 0.001, lambda2: 0.001
Converged: True, n_iters: 50
Final beta: [ 0.          0.          0.          0.          0.          0.
  0.         -0.32580819 -0.34010935  0.          0.56340006 -1.12219071
  0.16623948  0.          0.          0.          2.02702202  0.
  0.          0.          0.          0.          0.          0.
  0.          0.          0.          0.          0.          0.
  0.         -0.03292546  0.          0.          0.1791265   0.
  0.          0.          0.          0.          0.          0.
  0.          0.          0.          0.          0.07132651  0.
  0.22159469  0.        ]
Objective function minimum result: 0.011154073664522271
MSE minimum result: 8.195783245251385e-05
Sparsity result: 10
Total time used: 0.402851750026457
========================Lagrange dual: ========================
N samples: 300, N features: 50
Final beta: [ 1.09877700e-03  0.00000000e+00  0.00000000e+00  0.00000000e+00
  1.10534582e-03  0.00000000e+00  0.00000000e+00 -3.26534202e-01
 -3.40976529e-01  1.77986693e-03  5.67353913e-01 -1.12496938e+00
  1.67961837e-01  0.00000000e+00  0.00000000e+00  0.00000000e+00
  2.03360602e+00  0.00000000e+00  0.00000000e+00  0.00000000e+00
  1.29254459e-03  0.00000000e+00  1.17719325e-03  0.00000000e+00
  0.00000000e+00  1.02527579e-03  0.00000000e+00  0.00000000e+00
  1.62649089e-03  0.00000000e+00  0.00000000e+00 -3.40470848e-02
  1.03803203e-03  0.00000000e+00  1.80916008e-01  1.99835870e-03
  2.22192555e-03  1.24956336e-03  0.00000000e+00  1.62167696e-03
  0.00000000e+00  0.00000000e+00  0.00000000e+00  0.00000000e+00
  0.00000000e+00  0.00000000e+00  7.24950961e-02  0.00000000e+00
  2.24253568e-01  0.00000000e+00]
Final v: [5000.00000068]
MSE minimum result: 5.218484316872353e-05
Sparsity result: 22
Total time used: 0.1754381669452414
========================Gradient descent: ========================
N samples: 300, N features: 50
(Initial) Learning rate: 0.001, lambda1: 0.1, lambda2: 0.1
Converged: True, n_iters: 1856
Final beta: [ 0.          0.          0.          0.          0.          0.
  0.00197863 -0.16549097 -0.21004285  0.          0.28364044 -0.71041473
  0.01320363  0.          0.         -0.04748484  1.37377373  0.
  0.          0.          0.          0.          0.          0.
  0.          0.          0.          0.          0.          0.
  0.01100083  0.          0.          0.          0.0014571   0.
  0.          0.          0.          0.          0.          0.
  0.          0.          0.         -0.01053509  0.01214879  0.
  0.09583074  0.        ]
Objective function minimum result: 0.9018397932675913
MSE minimum result: 0.35254967533830095
Sparsity result: 13
Total time used: 0.04633020795881748
========================Steepest descent: ========================
N samples: 300, N features: 50
(Initial) Learning rate: 0.001, lambda1: 0.1, lambda2: 0.1
Converged: True, n_iters: 24
Final beta: [-0.00197393  0.          0.          0.          0.00250771  0.
  0.02119052 -0.18490247 -0.22918987  0.          0.30249324 -0.7410077
  0.01081511  0.         -0.00319775 -0.06496066  1.41586165  0.
  0.          0.          0.          0.          0.          0.
 -0.00168537  0.00288959  0.00879954  0.          0.         -0.02004431
  0.02161586  0.          0.          0.          0.01771919  0.
  0.          0.          0.          0.          0.          0.
  0.          0.00882127  0.         -0.0183725   0.03059947  0.
  0.11495095  0.        ]
Objective function minimum result: 0.8941203028851303
MSE minimum result: 0.2964985346195217
Sparsity result: 21
Total time used: 0.01145333400927484
========================Newton: ========================
N samples: 300, N features: 50
(Initial) Learning rate: 0.001, lambda1: 0.1, lambda2: 0.1
Converged: False, n_iters: 2000
Final beta: [ 0.05347346  0.11316115 -0.097327   -0.08794407 -0.02607824  0.11101435
 -0.05564323 -0.16674711 -0.21165601  0.08623438  0.36636656 -0.83736866
  0.03494526  0.02224651  0.07448085  0.05259413  1.65125307  0.07570372
  0.08118055  0.0759084  -0.09613063  0.03750808 -0.09068325  0.08389562
  0.09408994 -0.04310905 -0.06957882  0.10870517 -0.10384474  0.11581808
  0.21797468  0.16547194  0.14805254  0.11038908 -0.00898306 -0.14899203
  0.10269035 -0.10469307 -0.08419342 -0.08553543 -0.14585615 -0.06585363
  0.11938469 -0.08050716 -0.09017132 -0.19067364 -0.0337797  -0.13658732
  0.13695018 -0.06847873]
Objective function minimum result: 1.4849945362337924
MSE minimum result: 0.33821253647785715
Sparsity result: 50
Total time used: 0.14252624998334795
========================Coordinate descent: ========================
N samples: 300, N features: 50
(Initial) Learning rate: 0.001, lambda1: 0.1, lambda2: 0.1
Converged: True, n_iters: 50
Final beta: [ 0.          0.          0.          0.          0.          0.
  0.         -0.19051563 -0.22005656  0.          0.34731352 -0.82413381
  0.0413277   0.          0.          0.          1.57695069  0.
  0.          0.          0.          0.          0.          0.
  0.          0.          0.          0.          0.          0.
  0.          0.          0.          0.          0.0219254   0.
  0.          0.          0.          0.          0.          0.
  0.          0.          0.          0.          0.          0.
  0.10364352  0.        ]
Objective function minimum result: 0.8684475510646925
MSE minimum result: 0.1974360201413057
Sparsity result: 8
Total time used: 0.8621202500071377
(500, 80)
(500,)
========================Lagrange dual: ========================
N samples: 500, N features: 80
Final beta: [-2.51229840e-03  0.00000000e+00  0.00000000e+00 -2.67742421e-03
  0.00000000e+00 -3.27030667e-03  1.20124251e-03  1.45705223e-03
  0.00000000e+00 -1.63329343e-01  0.00000000e+00  0.00000000e+00
  0.00000000e+00  1.67012580e-03 -2.33069960e-03  9.85334140e-02
 -1.15362554e-03 -4.97687119e-01 -1.17443874e-03  0.00000000e+00
  0.00000000e+00  7.96538858e-03  0.00000000e+00  0.00000000e+00
  2.01921295e-03 -2.36155730e-03  0.00000000e+00  4.59876944e-01
  0.00000000e+00 -2.57137102e-03  0.00000000e+00  0.00000000e+00
 -5.27841606e-01  0.00000000e+00  0.00000000e+00  0.00000000e+00
 -2.66885789e-03 -1.51081709e-03  0.00000000e+00 -5.66858974e-01
  1.33430384e+00  1.50276385e-03  0.00000000e+00  0.00000000e+00
  0.00000000e+00  0.00000000e+00  0.00000000e+00  0.00000000e+00
 -1.38116684e-03 -1.85680844e-03  1.62950275e-03  0.00000000e+00
 -2.24987817e-03  1.18545672e-03  1.90400185e-03  0.00000000e+00
 -1.35057980e-03 -2.57357781e-03 -1.00259413e-03  0.00000000e+00
  0.00000000e+00  0.00000000e+00  1.09382878e-03  0.00000000e+00
  0.00000000e+00  0.00000000e+00  0.00000000e+00  0.00000000e+00
  1.22079897e+00  1.82684919e-03  0.00000000e+00  0.00000000e+00
  0.00000000e+00  0.00000000e+00  0.00000000e+00  0.00000000e+00
  5.96535688e-01 -2.48907566e-03  1.73304683e-03  2.87880987e-03]
Final v: [5000.0000001]
MSE minimum result: 7.767069778208673e-05
Sparsity result: 39
Total time used: 0.8243530410109088
========================Gradient descent: ========================
N samples: 500, N features: 80
(Initial) Learning rate: 0.1, lambda1: 1e-05, lambda2: 1e-05
Converged: True, n_iters: 80
Final beta: [ 2.16094954e-03  0.00000000e+00  1.24247006e-03  1.60805837e-03
 -1.20100591e-03  0.00000000e+00  0.00000000e+00  0.00000000e+00
  2.67554237e-03 -1.60340567e-01  0.00000000e+00  0.00000000e+00
  0.00000000e+00 -3.69599788e-03  2.92143194e-03  9.81180989e-02
  0.00000000e+00 -4.92221424e-01 -4.14184754e-03 -1.06551376e-03
  0.00000000e+00  4.75211154e-03  0.00000000e+00 -2.54906408e-03
  0.00000000e+00 -1.63085413e-03  0.00000000e+00  4.63693718e-01
 -2.67940061e-03  0.00000000e+00 -5.23442483e-03  0.00000000e+00
 -5.23926863e-01  1.41460899e-03  0.00000000e+00 -7.02815036e-03
  1.40568710e-03  1.21861436e-03 -2.40922047e-03 -5.65806940e-01
  1.32564777e+00 -3.20617010e-03  0.00000000e+00  0.00000000e+00
  0.00000000e+00  0.00000000e+00  0.00000000e+00  3.19352935e-03
  1.10308862e-03  0.00000000e+00  0.00000000e+00 -1.46688029e-03
  0.00000000e+00 -4.69083020e-03 -2.75291267e-03 -1.28380656e-03
 -3.59259328e-03  2.44797189e-03  0.00000000e+00  2.27655170e-03
  1.90742085e-03 -1.58851946e-03  0.00000000e+00  1.27174066e-03
  3.96457668e-03  0.00000000e+00 -2.74997170e-03  3.00722006e-03
  1.21256459e+00 -1.58371722e-03  0.00000000e+00 -1.77441713e-03
  4.27791535e-03  0.00000000e+00 -1.90868735e-03 -1.93333148e-03
  5.99711668e-01  0.00000000e+00  0.00000000e+00 -1.04097366e-03]
Objective function minimum result: 0.00024229339831588449
MSE minimum result: 0.00014008337982997714
Sparsity result: 50
Total time used: 0.004854124970734119
========================Steepest descent: ========================
N samples: 500, N features: 80
(Initial) Learning rate: 0.1, lambda1: 1e-05, lambda2: 1e-05
Converged: True, n_iters: 12
Final beta: [ 0.00000000e+00  0.00000000e+00  0.00000000e+00  0.00000000e+00
  0.00000000e+00  0.00000000e+00  0.00000000e+00  0.00000000e+00
  0.00000000e+00 -1.62799191e-01  0.00000000e+00  0.00000000e+00
  0.00000000e+00  0.00000000e+00  0.00000000e+00  9.81504230e-02
  0.00000000e+00 -4.94966370e-01 -1.46520546e-03  0.00000000e+00
  0.00000000e+00  5.68641770e-03  0.00000000e+00 -1.34682232e-03
  0.00000000e+00 -1.64727478e-03  0.00000000e+00  4.62141859e-01
  0.00000000e+00  0.00000000e+00 -1.20084731e-03  0.00000000e+00
 -5.25416320e-01  0.00000000e+00  0.00000000e+00 -1.39559852e-03
  0.00000000e+00  0.00000000e+00  0.00000000e+00 -5.65976924e-01
  1.33277721e+00  0.00000000e+00  1.14071207e-03  0.00000000e+00
  0.00000000e+00  0.00000000e+00  0.00000000e+00  0.00000000e+00
  0.00000000e+00  0.00000000e+00  0.00000000e+00  0.00000000e+00
  0.00000000e+00  0.00000000e+00  0.00000000e+00  0.00000000e+00
 -1.26734020e-03  0.00000000e+00  0.00000000e+00  0.00000000e+00
  1.03491816e-03  0.00000000e+00  0.00000000e+00  0.00000000e+00
  0.00000000e+00  0.00000000e+00 -1.07153450e-03  0.00000000e+00
  1.21857111e+00  1.28137532e-03  0.00000000e+00  0.00000000e+00
  0.00000000e+00  0.00000000e+00  0.00000000e+00  0.00000000e+00
  5.98722914e-01  0.00000000e+00  0.00000000e+00  0.00000000e+00]
Objective function minimum result: 0.00014881538487757442
MSE minimum result: 4.6926531199257274e-05
Sparsity result: 20
Total time used: 0.0039921250427141786
========================Newton: ========================
N samples: 500, N features: 80
(Initial) Learning rate: 0.1, lambda1: 1e-05, lambda2: 1e-05
Converged: True, n_iters: 2
Final beta: [ 0.00000000e+00  0.00000000e+00  0.00000000e+00  0.00000000e+00
  0.00000000e+00  0.00000000e+00  0.00000000e+00  0.00000000e+00
  0.00000000e+00 -1.62639637e-01  0.00000000e+00  0.00000000e+00
  0.00000000e+00  0.00000000e+00  0.00000000e+00  9.80497920e-02
  0.00000000e+00 -4.95139645e-01  0.00000000e+00  0.00000000e+00
  0.00000000e+00  6.10974642e-03  0.00000000e+00  0.00000000e+00
  0.00000000e+00 -1.00166648e-03  0.00000000e+00  4.61287071e-01
  0.00000000e+00  0.00000000e+00  0.00000000e+00  0.00000000e+00
 -5.26118983e-01  0.00000000e+00  0.00000000e+00  0.00000000e+00
  0.00000000e+00  0.00000000e+00  0.00000000e+00 -5.66359151e-01
  1.33370609e+00  1.03497434e-03  0.00000000e+00  0.00000000e+00
  0.00000000e+00  0.00000000e+00  0.00000000e+00  0.00000000e+00
  0.00000000e+00  0.00000000e+00  0.00000000e+00  0.00000000e+00
  0.00000000e+00  0.00000000e+00  0.00000000e+00  0.00000000e+00
  0.00000000e+00  0.00000000e+00  0.00000000e+00  0.00000000e+00
  0.00000000e+00  0.00000000e+00  0.00000000e+00  0.00000000e+00
  0.00000000e+00  0.00000000e+00  0.00000000e+00  0.00000000e+00
  1.21969527e+00  0.00000000e+00  0.00000000e+00  0.00000000e+00
  0.00000000e+00  0.00000000e+00  0.00000000e+00  0.00000000e+00
  5.98211219e-01  0.00000000e+00  0.00000000e+00  0.00000000e+00]
Objective function minimum result: 0.0001460803364654825
MSE minimum result: 4.422777550778264e-05
Sparsity result: 12
Total time used: 0.0005202079191803932
========================Coordinate descent: ========================
N samples: 500, N features: 80
(Initial) Learning rate: 0.1, lambda1: 1e-05, lambda2: 1e-05
Converged: True, n_iters: 80
Final beta: [ 0.00000000e+00  0.00000000e+00  0.00000000e+00  0.00000000e+00
  0.00000000e+00  0.00000000e+00  0.00000000e+00  0.00000000e+00
  0.00000000e+00 -1.62857338e-01  0.00000000e+00  0.00000000e+00
  0.00000000e+00  0.00000000e+00  0.00000000e+00  9.81849091e-02
  0.00000000e+00 -4.95286597e-01  0.00000000e+00  0.00000000e+00
  0.00000000e+00  6.35639326e-03  0.00000000e+00  0.00000000e+00
  0.00000000e+00 -1.12117438e-03  0.00000000e+00  4.61441397e-01
  0.00000000e+00  0.00000000e+00 -1.07787088e-03  0.00000000e+00
 -5.26063925e-01  0.00000000e+00  0.00000000e+00 -1.02357640e-03
  0.00000000e+00  0.00000000e+00  0.00000000e+00 -5.66114326e-01
  1.33367374e+00  0.00000000e+00  0.00000000e+00  0.00000000e+00
  0.00000000e+00  0.00000000e+00  0.00000000e+00  0.00000000e+00
  0.00000000e+00  0.00000000e+00  0.00000000e+00  0.00000000e+00
  0.00000000e+00  0.00000000e+00  0.00000000e+00  0.00000000e+00
  0.00000000e+00  0.00000000e+00  0.00000000e+00  0.00000000e+00
  0.00000000e+00  0.00000000e+00  0.00000000e+00  0.00000000e+00
  0.00000000e+00  0.00000000e+00  0.00000000e+00  0.00000000e+00
  1.21969970e+00  0.00000000e+00  0.00000000e+00  0.00000000e+00
  0.00000000e+00  0.00000000e+00  0.00000000e+00  0.00000000e+00
  5.98264115e-01  0.00000000e+00  0.00000000e+00  0.00000000e+00]
Objective function minimum result: 0.00014647823628340535
MSE minimum result: 4.46071327562683e-05
Sparsity result: 13
Total time used: 0.12823162495624274
========================Lagrange dual: ========================
N samples: 500, N features: 80
Final beta: [-2.51229840e-03  0.00000000e+00  0.00000000e+00 -2.67742421e-03
  0.00000000e+00 -3.27030667e-03  1.20124251e-03  1.45705223e-03
  0.00000000e+00 -1.63329343e-01  0.00000000e+00  0.00000000e+00
  0.00000000e+00  1.67012580e-03 -2.33069960e-03  9.85334140e-02
 -1.15362554e-03 -4.97687119e-01 -1.17443874e-03  0.00000000e+00
  0.00000000e+00  7.96538858e-03  0.00000000e+00  0.00000000e+00
  2.01921295e-03 -2.36155730e-03  0.00000000e+00  4.59876944e-01
  0.00000000e+00 -2.57137102e-03  0.00000000e+00  0.00000000e+00
 -5.27841606e-01  0.00000000e+00  0.00000000e+00  0.00000000e+00
 -2.66885789e-03 -1.51081709e-03  0.00000000e+00 -5.66858974e-01
  1.33430384e+00  1.50276385e-03  0.00000000e+00  0.00000000e+00
  0.00000000e+00  0.00000000e+00  0.00000000e+00  0.00000000e+00
 -1.38116684e-03 -1.85680844e-03  1.62950275e-03  0.00000000e+00
 -2.24987817e-03  1.18545672e-03  1.90400185e-03  0.00000000e+00
 -1.35057980e-03 -2.57357781e-03 -1.00259413e-03  0.00000000e+00
  0.00000000e+00  0.00000000e+00  1.09382878e-03  0.00000000e+00
  0.00000000e+00  0.00000000e+00  0.00000000e+00  0.00000000e+00
  1.22079897e+00  1.82684919e-03  0.00000000e+00  0.00000000e+00
  0.00000000e+00  0.00000000e+00  0.00000000e+00  0.00000000e+00
  5.96535688e-01 -2.48907566e-03  1.73304683e-03  2.87880987e-03]
Final v: [5000.0000001]
MSE minimum result: 7.767069778208673e-05
Sparsity result: 39
Total time used: 0.7547305419575423
========================Gradient descent: ========================
N samples: 500, N features: 80
(Initial) Learning rate: 0.01, lambda1: 0.001, lambda2: 0.001
Converged: True, n_iters: 571
Final beta: [ 0.00490755  0.          0.00204436  0.00581183 -0.00348173 -0.00157687
  0.          0.          0.00751471 -0.15167244  0.          0.
 -0.00373387 -0.01001014  0.00738934  0.09535742  0.         -0.48430542
 -0.01176461 -0.00260448  0.          0.00244222  0.00161876 -0.00437617
  0.00175712 -0.00239526  0.          0.46382719 -0.00572046  0.
 -0.01096302  0.         -0.51843816  0.00305282  0.         -0.01875466
  0.00326331  0.         -0.0052606  -0.56071265  1.30334273 -0.008259
  0.          0.          0.          0.          0.          0.00724052
  0.00367891  0.          0.         -0.00241287  0.         -0.01217846
 -0.00537059 -0.00343969 -0.00708318  0.00728819  0.          0.00672801
  0.00155021 -0.0027107   0.          0.00188851  0.00787597 -0.0032325
 -0.00352892  0.00719147  1.19275227 -0.00560003  0.         -0.00516677
  0.01166615  0.         -0.00283682 -0.00259274  0.59800012  0.
 -0.00547156 -0.00463656]
Objective function minimum result: 0.011185430075730233
MSE minimum result: 0.0010210995221321493
Sparsity result: 55
Total time used: 0.029524208046495914
========================Steepest descent: ========================
N samples: 500, N features: 80
(Initial) Learning rate: 0.01, lambda1: 0.001, lambda2: 0.001
Converged: True, n_iters: 12
Final beta: [ 0.          0.          0.          0.          0.          0.
  0.          0.          0.         -0.16021588  0.          0.
  0.          0.          0.          0.09660302  0.         -0.49268831
  0.          0.          0.          0.00473749  0.          0.
  0.          0.          0.          0.46016828  0.          0.
  0.          0.         -0.52369548  0.          0.         -0.00175082
  0.          0.          0.         -0.56437907  1.32813161  0.
  0.          0.          0.          0.          0.          0.
  0.          0.          0.          0.          0.          0.
  0.          0.          0.          0.          0.          0.
  0.          0.          0.          0.          0.          0.
  0.          0.          1.21439432  0.          0.          0.
  0.          0.          0.          0.          0.59698494  0.
  0.          0.        ]
Objective function minimum result: 0.010208448110391139
MSE minimum result: 8.731668567210888e-05
Sparsity result: 11
Total time used: 0.004691041074693203
========================Newton: ========================
N samples: 500, N features: 80
(Initial) Learning rate: 0.01, lambda1: 0.001, lambda2: 0.001
Converged: False, n_iters: 2000
Final beta: [-1.87759981e-03 -1.92422176e-03  1.22893440e-03 -1.19168268e-03
  0.00000000e+00  0.00000000e+00  2.74819820e-03  2.20732673e-03
 -1.12414345e-03 -1.60209285e-01  0.00000000e+00 -1.91931811e-03
  0.00000000e+00  0.00000000e+00  2.87135491e-03  9.71544636e-02
 -1.73891619e-03 -4.93793850e-01 -3.00392167e-03  0.00000000e+00
  2.41700878e-03  4.92550478e-03 -1.85129554e-03  1.18959949e-03
  1.75303562e-03  0.00000000e+00 -2.67357530e-03  4.59155568e-01
  0.00000000e+00  0.00000000e+00 -2.79961643e-03  0.00000000e+00
 -5.24238206e-01  2.16168940e-03  0.00000000e+00  0.00000000e+00
  1.62812173e-03 -2.90569665e-03 -2.84781104e-03 -5.62929253e-01
  1.32988096e+00 -2.12084762e-03  0.00000000e+00  1.65770601e-03
  0.00000000e+00  0.00000000e+00 -1.20200775e-03  3.37639285e-03
 -2.59098412e-03  0.00000000e+00  0.00000000e+00 -2.43809362e-03
 -2.53462279e-03  0.00000000e+00  2.53732621e-03  1.45334633e-03
  0.00000000e+00  0.00000000e+00 -2.95232975e-03  1.03772903e-03
 -1.28655084e-03 -2.37742349e-03  0.00000000e+00  0.00000000e+00
  0.00000000e+00  1.43620704e-03  1.07316064e-03  3.24456324e-03
  1.21624960e+00  0.00000000e+00 -2.69357460e-03  0.00000000e+00
 -1.63031957e-03  0.00000000e+00 -2.13036307e-03  1.87614473e-03
  5.96262153e-01 -1.24214444e-03  1.31857367e-03  0.00000000e+00]
Objective function minimum result: 0.01033299184906567
MSE minimum result: 0.00011484274397406567
Sparsity result: 53
Total time used: 0.2717332079773769
========================Coordinate descent: ========================
N samples: 500, N features: 80
(Initial) Learning rate: 0.01, lambda1: 0.001, lambda2: 0.001
Converged: True, n_iters: 80
Final beta: [ 0.          0.          0.          0.          0.          0.
  0.          0.          0.         -0.16073528  0.          0.
  0.          0.          0.          0.09674897  0.         -0.49330796
  0.          0.          0.          0.00519444  0.          0.
  0.          0.          0.          0.4598318   0.          0.
  0.          0.         -0.523952    0.          0.          0.
  0.          0.          0.         -0.56448517  1.32986759  0.
  0.          0.          0.          0.          0.          0.
  0.          0.          0.          0.          0.          0.
  0.          0.          0.          0.          0.          0.
  0.          0.          0.          0.          0.          0.
  0.          0.          1.21618054  0.          0.          0.
  0.          0.          0.          0.          0.59648497  0.
  0.          0.        ]
Objective function minimum result: 0.010204170824345464
MSE minimum result: 7.075440999990625e-05
Sparsity result: 10
Total time used: 0.9000705829821527
========================Lagrange dual: ========================
N samples: 500, N features: 80
Final beta: [-2.51229840e-03  0.00000000e+00  0.00000000e+00 -2.67742421e-03
  0.00000000e+00 -3.27030667e-03  1.20124251e-03  1.45705223e-03
  0.00000000e+00 -1.63329343e-01  0.00000000e+00  0.00000000e+00
  0.00000000e+00  1.67012580e-03 -2.33069960e-03  9.85334140e-02
 -1.15362554e-03 -4.97687119e-01 -1.17443874e-03  0.00000000e+00
  0.00000000e+00  7.96538858e-03  0.00000000e+00  0.00000000e+00
  2.01921295e-03 -2.36155730e-03  0.00000000e+00  4.59876944e-01
  0.00000000e+00 -2.57137102e-03  0.00000000e+00  0.00000000e+00
 -5.27841606e-01  0.00000000e+00  0.00000000e+00  0.00000000e+00
 -2.66885789e-03 -1.51081709e-03  0.00000000e+00 -5.66858974e-01
  1.33430384e+00  1.50276385e-03  0.00000000e+00  0.00000000e+00
  0.00000000e+00  0.00000000e+00  0.00000000e+00  0.00000000e+00
 -1.38116684e-03 -1.85680844e-03  1.62950275e-03  0.00000000e+00
 -2.24987817e-03  1.18545672e-03  1.90400185e-03  0.00000000e+00
 -1.35057980e-03 -2.57357781e-03 -1.00259413e-03  0.00000000e+00
  0.00000000e+00  0.00000000e+00  1.09382878e-03  0.00000000e+00
  0.00000000e+00  0.00000000e+00  0.00000000e+00  0.00000000e+00
  1.22079897e+00  1.82684919e-03  0.00000000e+00  0.00000000e+00
  0.00000000e+00  0.00000000e+00  0.00000000e+00  0.00000000e+00
  5.96535688e-01 -2.48907566e-03  1.73304683e-03  2.87880987e-03]
Final v: [5000.0000001]
MSE minimum result: 7.767069778208673e-05
Sparsity result: 39
Total time used: 0.7686091250507161
========================Gradient descent: ========================
N samples: 500, N features: 80
(Initial) Learning rate: 0.001, lambda1: 0.1, lambda2: 0.1
Converged: True, n_iters: 1544
Final beta: [ 0.          0.          0.          0.02259899  0.          0.
  0.          0.          0.          0.          0.          0.
  0.          0.          0.          0.          0.         -0.29277605
  0.          0.          0.          0.          0.          0.
  0.          0.          0.          0.28006753  0.          0.
  0.          0.         -0.33293426  0.          0.         -0.01455041
  0.          0.          0.         -0.34548021  0.84472277  0.
  0.          0.          0.          0.          0.          0.
  0.          0.          0.          0.          0.          0.
  0.          0.          0.          0.          0.          0.
  0.          0.          0.          0.          0.          0.
  0.          0.          0.75199394  0.          0.          0.
  0.          0.          0.          0.          0.38684743  0.
  0.          0.        ]
Objective function minimum result: 0.8494923263814553
MSE minimum result: 0.3399169433722697
Sparsity result: 9
Total time used: 0.08064924995414913
========================Steepest descent: ========================
N samples: 500, N features: 80
(Initial) Learning rate: 0.001, lambda1: 0.1, lambda2: 0.1
Converged: True, n_iters: 22
Final beta: [ 0.          0.          0.          0.04719514  0.         -0.01142289
  0.          0.          0.0193023  -0.01500272  0.          0.
  0.         -0.00600971  0.00651628  0.00517274  0.         -0.31475896
 -0.03687797  0.          0.          0.          0.          0.
  0.          0.          0.          0.3129737   0.          0.
  0.          0.         -0.36503403  0.          0.         -0.05593575
  0.          0.          0.         -0.36738441  0.85848549  0.
  0.          0.          0.          0.          0.          0.0110864
  0.          0.          0.          0.          0.         -0.02789526
  0.         -0.00111622  0.          0.00662895  0.          0.
  0.          0.          0.          0.          0.          0.
  0.          0.          0.76953694  0.          0.         -0.01174249
  0.03275511  0.          0.          0.          0.4202703   0.
 -0.00565194  0.        ]
Objective function minimum result: 0.8513192888709507
MSE minimum result: 0.2823640110133823
Sparsity result: 23
Total time used: 0.011175042018294334
========================Newton: ========================
N samples: 500, N features: 80
(Initial) Learning rate: 0.001, lambda1: 0.1, lambda2: 0.1
Converged: False, n_iters: 2000
Final beta: [-0.05144671  0.08927628 -0.09830402  0.16822594  0.10052411  0.02979307
  0.10967844 -0.10693491 -0.05090483 -0.19330117  0.08954741 -0.08722687
  0.0799651   0.08428567 -0.0559495  -0.06413603  0.12608418 -0.38231689
  0.05746931  0.08416874 -0.09614169 -0.07596823 -0.10180018  0.06476006
 -0.12226947  0.06487291  0.07991879  0.31971354  0.04759287  0.0754727
  0.17857026 -0.12788644 -0.41051136 -0.0925145  -0.09054533  0.0836336
 -0.11126023  0.08680724  0.09333669 -0.38793909  1.1227756   0.15513384
  0.12030785 -0.07109935  0.12213281  0.12250614 -0.05758478 -0.10183518
 -0.09949391  0.08516604  0.10798389  0.11007744  0.09075784  0.0697095
  0.08615129  0.05534282  0.07278212 -0.09640777 -0.12488274 -0.095913
  0.05570736  0.09320503  0.04408706 -0.11786016 -0.08164443  0.0843108
  0.1093159  -0.08680551  1.00770855  0.13206474  0.13410519  0.03177709
 -0.06433288  0.04175392 -0.05663533  0.10222288  0.43920741 -0.09881065
  0.09470818  0.10830303]
Objective function minimum result: 1.8448747438893085
MSE minimum result: 0.3950906860123223
Sparsity result: 80
Total time used: 0.2687140830093995
========================Coordinate descent: ========================
N samples: 500, N features: 80
(Initial) Learning rate: 0.001, lambda1: 0.1, lambda2: 0.1
Converged: True, n_iters: 80
Final beta: [ 0.          0.          0.          0.          0.          0.
  0.          0.          0.         -0.00572222  0.          0.
  0.          0.          0.          0.          0.         -0.33874505
  0.          0.          0.          0.          0.          0.
  0.          0.          0.          0.31842773  0.          0.
  0.          0.         -0.36812593  0.          0.          0.
  0.          0.          0.         -0.40116498  1.01960008  0.
  0.          0.          0.          0.          0.          0.
  0.          0.          0.          0.          0.          0.
  0.          0.          0.          0.          0.          0.
  0.          0.          0.          0.          0.          0.
  0.          0.          0.91100704  0.          0.          0.
  0.          0.          0.          0.          0.43784857  0.
  0.          0.        ]
Objective function minimum result: 0.8096423106523136
MSE minimum result: 0.17219247774306978
Sparsity result: 8
Total time used: 1.961880624992773
(1000, 100)
(1000,)
========================Lagrange dual: ========================
N samples: 1000, N features: 100
Final beta: [ 0.00000000e+00  0.00000000e+00  0.00000000e+00  0.00000000e+00
 -1.40381046e-03  0.00000000e+00  0.00000000e+00 -1.17613798e-03
  0.00000000e+00  0.00000000e+00  0.00000000e+00 -1.52380502e-03
  0.00000000e+00  0.00000000e+00  0.00000000e+00 -1.75114610e-03
  0.00000000e+00  0.00000000e+00 -1.64014037e-03  0.00000000e+00
  0.00000000e+00  7.56541391e-01  0.00000000e+00 -1.46618880e-03
 -1.19481627e-03  0.00000000e+00 -1.48184278e-03  0.00000000e+00
  0.00000000e+00 -1.44438498e-03  0.00000000e+00  0.00000000e+00
 -1.27711405e-03  0.00000000e+00 -1.53119715e-03 -1.52592541e-03
  0.00000000e+00  0.00000000e+00 -1.73952640e-03  0.00000000e+00
 -1.13738252e-03 -1.65612659e-03  0.00000000e+00  0.00000000e+00
  1.48344199e-01  0.00000000e+00  0.00000000e+00  0.00000000e+00
 -1.42294761e+00 -2.69191749e-01 -2.00253171e-01  0.00000000e+00
  0.00000000e+00  0.00000000e+00  0.00000000e+00  0.00000000e+00
  0.00000000e+00  0.00000000e+00  0.00000000e+00  0.00000000e+00
  0.00000000e+00  0.00000000e+00  0.00000000e+00  0.00000000e+00
  0.00000000e+00  0.00000000e+00 -5.05541792e-02  0.00000000e+00
  0.00000000e+00  1.37225063e-03  0.00000000e+00 -1.96144797e-03
 -1.11079823e-03  0.00000000e+00  0.00000000e+00 -1.11112629e-03
  0.00000000e+00 -1.63639661e-03 -1.06546579e-03  0.00000000e+00
 -2.35876408e-03  0.00000000e+00  8.16994110e-01  0.00000000e+00
 -1.18281400e-03 -7.76585978e-02  8.93137059e-01 -4.79200764e-01
  0.00000000e+00  0.00000000e+00  0.00000000e+00  0.00000000e+00
  0.00000000e+00  0.00000000e+00 -1.34586617e-03  0.00000000e+00
  0.00000000e+00  0.00000000e+00  0.00000000e+00  0.00000000e+00]
Final v: [5000.]
MSE minimum result: 8.121344207830953e-05
Sparsity result: 34
Total time used: 1.4304598340531811
========================Gradient descent: ========================
N samples: 1000, N features: 100
(Initial) Learning rate: 0.1, lambda1: 1e-05, lambda2: 1e-05
Converged: True, n_iters: 73
Final beta: [ 1.82412772e-03  0.00000000e+00  0.00000000e+00  3.14594334e-03
  0.00000000e+00 -1.37153822e-03  0.00000000e+00  0.00000000e+00
  1.28850904e-03  1.58149815e-03  1.07985436e-03  1.04537836e-03
  0.00000000e+00  0.00000000e+00  0.00000000e+00  0.00000000e+00
  1.01272434e-03  1.65277827e-03  0.00000000e+00 -1.49453367e-03
  0.00000000e+00  7.54441429e-01  0.00000000e+00  0.00000000e+00
  1.51733434e-03 -2.05030312e-03  0.00000000e+00 -4.81259955e-03
  1.13992042e-03  0.00000000e+00 -1.10641767e-03 -2.03354128e-03
 -2.07691142e-03  0.00000000e+00  1.22388624e-03  0.00000000e+00
  0.00000000e+00  2.96284813e-03  0.00000000e+00  2.01665441e-03
  0.00000000e+00  2.51351421e-03  1.36375770e-03  0.00000000e+00
  1.46735624e-01  0.00000000e+00  0.00000000e+00  0.00000000e+00
 -1.41512028e+00 -2.69214571e-01 -1.97401124e-01 -1.15746602e-03
  0.00000000e+00 -1.09136290e-03 -1.41335115e-03  0.00000000e+00
  0.00000000e+00  0.00000000e+00  0.00000000e+00  0.00000000e+00
 -2.46189218e-03  1.04954066e-03  0.00000000e+00  0.00000000e+00
 -2.46554741e-03  0.00000000e+00 -5.07831446e-02  0.00000000e+00
  0.00000000e+00  1.06772475e-03 -1.35950431e-03 -1.91829357e-03
  0.00000000e+00  0.00000000e+00  1.41778031e-03  0.00000000e+00
  0.00000000e+00 -2.92475190e-03  0.00000000e+00  0.00000000e+00
 -3.18989378e-03  0.00000000e+00  8.14174491e-01  0.00000000e+00
  0.00000000e+00 -7.42140687e-02  8.90406921e-01 -4.76329439e-01
  0.00000000e+00  0.00000000e+00  0.00000000e+00  2.49272995e-03
  0.00000000e+00  0.00000000e+00  1.90665842e-03  0.00000000e+00
  0.00000000e+00  2.74067956e-03  0.00000000e+00  0.00000000e+00]
Objective function minimum result: 0.00021520687306603902
MSE minimum result: 0.0001196733794637624
Sparsity result: 47
Total time used: 0.00928187498357147
========================Steepest descent: ========================
N samples: 1000, N features: 100
(Initial) Learning rate: 0.1, lambda1: 1e-05, lambda2: 1e-05
Converged: True, n_iters: 9
Final beta: [ 0.00000000e+00  0.00000000e+00  0.00000000e+00  0.00000000e+00
  0.00000000e+00  0.00000000e+00  0.00000000e+00  0.00000000e+00
  0.00000000e+00  0.00000000e+00  0.00000000e+00  0.00000000e+00
  0.00000000e+00  0.00000000e+00  0.00000000e+00  0.00000000e+00
  0.00000000e+00  0.00000000e+00  0.00000000e+00  0.00000000e+00
  0.00000000e+00  7.58486610e-01  0.00000000e+00  0.00000000e+00
  0.00000000e+00  0.00000000e+00  0.00000000e+00  0.00000000e+00
  0.00000000e+00  0.00000000e+00  0.00000000e+00  0.00000000e+00
  0.00000000e+00  0.00000000e+00  0.00000000e+00  0.00000000e+00
  0.00000000e+00  0.00000000e+00  0.00000000e+00  0.00000000e+00
  0.00000000e+00  0.00000000e+00  0.00000000e+00  0.00000000e+00
  1.48960572e-01  0.00000000e+00  0.00000000e+00  0.00000000e+00
 -1.42051500e+00 -2.68971744e-01 -1.99154811e-01  0.00000000e+00
  0.00000000e+00  0.00000000e+00  0.00000000e+00  0.00000000e+00
  0.00000000e+00  0.00000000e+00  0.00000000e+00  0.00000000e+00
 -1.00305690e-03  0.00000000e+00  0.00000000e+00  0.00000000e+00
  0.00000000e+00  0.00000000e+00 -4.94883870e-02  0.00000000e+00
  0.00000000e+00  0.00000000e+00  0.00000000e+00  0.00000000e+00
  0.00000000e+00  0.00000000e+00  0.00000000e+00  0.00000000e+00
  0.00000000e+00  0.00000000e+00  0.00000000e+00  0.00000000e+00
  0.00000000e+00  0.00000000e+00  8.17906172e-01  0.00000000e+00
  0.00000000e+00 -7.61622435e-02  8.92147152e-01 -4.79211814e-01
  0.00000000e+00  0.00000000e+00  0.00000000e+00  0.00000000e+00
  0.00000000e+00  0.00000000e+00  0.00000000e+00  0.00000000e+00
  0.00000000e+00  0.00000000e+00  0.00000000e+00  0.00000000e+00]
Objective function minimum result: 0.00014660395966570064
MSE minimum result: 5.11823410682333e-05
Sparsity result: 11
Total time used: 0.004749249899759889
========================Newton: ========================
N samples: 1000, N features: 100
(Initial) Learning rate: 0.1, lambda1: 1e-05, lambda2: 1e-05
Converged: True, n_iters: 2
Final beta: [ 0.          0.          0.          0.          0.          0.
  0.          0.          0.          0.          0.          0.
  0.          0.          0.          0.          0.          0.
  0.          0.          0.          0.75897346  0.          0.
  0.          0.          0.          0.          0.          0.
  0.          0.          0.          0.          0.          0.
  0.          0.          0.          0.          0.          0.
  0.          0.          0.14934177  0.          0.          0.
 -1.42096423 -0.26887417 -0.19923726  0.          0.          0.
  0.          0.          0.          0.          0.          0.
  0.          0.          0.          0.          0.          0.
 -0.0491169   0.          0.          0.          0.          0.
  0.          0.          0.          0.          0.          0.
  0.          0.          0.          0.          0.81845567  0.
  0.         -0.07664196  0.89229504 -0.47960366  0.          0.
  0.          0.          0.          0.          0.          0.
  0.          0.          0.          0.        ]
Objective function minimum result: 0.0001460830024370813
MSE minimum result: 5.0609580629780756e-05
Sparsity result: 10
Total time used: 0.0009934999980032444
========================Coordinate descent: ========================
N samples: 1000, N features: 100
(Initial) Learning rate: 0.1, lambda1: 1e-05, lambda2: 1e-05
Converged: True, n_iters: 100
Final beta: [ 0.          0.          0.          0.          0.          0.
  0.          0.          0.          0.          0.          0.
  0.          0.          0.          0.          0.          0.
  0.          0.          0.          0.75902417  0.          0.
  0.          0.          0.          0.          0.          0.
  0.          0.          0.          0.          0.          0.
  0.          0.          0.          0.          0.          0.
  0.          0.          0.14931199  0.          0.          0.
 -1.42097385 -0.26883392 -0.19934524  0.          0.          0.
  0.          0.          0.          0.          0.          0.
  0.          0.          0.          0.          0.          0.
 -0.04911662  0.          0.          0.          0.          0.
  0.          0.          0.          0.          0.          0.
  0.          0.          0.          0.          0.81840018  0.
  0.         -0.07663006  0.8922755  -0.47959458  0.          0.
  0.          0.          0.          0.          0.          0.
  0.          0.          0.          0.        ]
Objective function minimum result: 0.000146074845002088
MSE minimum result: 5.0601597544703604e-05
Sparsity result: 10
Total time used: 0.21182450000196695
========================Lagrange dual: ========================
N samples: 1000, N features: 100
Final beta: [ 0.00000000e+00  0.00000000e+00  0.00000000e+00  0.00000000e+00
 -1.40381046e-03  0.00000000e+00  0.00000000e+00 -1.17613798e-03
  0.00000000e+00  0.00000000e+00  0.00000000e+00 -1.52380502e-03
  0.00000000e+00  0.00000000e+00  0.00000000e+00 -1.75114610e-03
  0.00000000e+00  0.00000000e+00 -1.64014037e-03  0.00000000e+00
  0.00000000e+00  7.56541391e-01  0.00000000e+00 -1.46618880e-03
 -1.19481627e-03  0.00000000e+00 -1.48184278e-03  0.00000000e+00
  0.00000000e+00 -1.44438498e-03  0.00000000e+00  0.00000000e+00
 -1.27711405e-03  0.00000000e+00 -1.53119715e-03 -1.52592541e-03
  0.00000000e+00  0.00000000e+00 -1.73952640e-03  0.00000000e+00
 -1.13738252e-03 -1.65612659e-03  0.00000000e+00  0.00000000e+00
  1.48344199e-01  0.00000000e+00  0.00000000e+00  0.00000000e+00
 -1.42294761e+00 -2.69191749e-01 -2.00253171e-01  0.00000000e+00
  0.00000000e+00  0.00000000e+00  0.00000000e+00  0.00000000e+00
  0.00000000e+00  0.00000000e+00  0.00000000e+00  0.00000000e+00
  0.00000000e+00  0.00000000e+00  0.00000000e+00  0.00000000e+00
  0.00000000e+00  0.00000000e+00 -5.05541792e-02  0.00000000e+00
  0.00000000e+00  1.37225063e-03  0.00000000e+00 -1.96144797e-03
 -1.11079823e-03  0.00000000e+00  0.00000000e+00 -1.11112629e-03
  0.00000000e+00 -1.63639661e-03 -1.06546579e-03  0.00000000e+00
 -2.35876408e-03  0.00000000e+00  8.16994110e-01  0.00000000e+00
 -1.18281400e-03 -7.76585978e-02  8.93137059e-01 -4.79200764e-01
  0.00000000e+00  0.00000000e+00  0.00000000e+00  0.00000000e+00
  0.00000000e+00  0.00000000e+00 -1.34586617e-03  0.00000000e+00
  0.00000000e+00  0.00000000e+00  0.00000000e+00  0.00000000e+00]
Final v: [5000.]
MSE minimum result: 8.121344207830953e-05
Sparsity result: 34
Total time used: 1.4239802920492366
========================Gradient descent: ========================
N samples: 1000, N features: 100
(Initial) Learning rate: 0.01, lambda1: 0.001, lambda2: 0.001
Converged: True, n_iters: 535
Final beta: [ 4.45253524e-03  0.00000000e+00  0.00000000e+00  7.71917127e-03
  2.20862671e-03 -2.48882667e-03 -1.25353359e-03  0.00000000e+00
  2.51424226e-03  4.12776643e-03  2.87045467e-03  0.00000000e+00
  0.00000000e+00 -2.92415830e-03  0.00000000e+00  3.21862629e-03
  1.82585245e-03  3.62442909e-03  0.00000000e+00 -3.98818891e-03
  0.00000000e+00  7.41256376e-01 -3.08004440e-03  1.09479704e-03
  5.29696707e-03 -5.41730838e-03  0.00000000e+00 -1.42231158e-02
  1.74459020e-03  0.00000000e+00 -2.68058675e-03 -4.12781381e-03
 -5.14675685e-03  0.00000000e+00  2.30612996e-03 -2.50381549e-03
  0.00000000e+00  8.29710080e-03  0.00000000e+00  4.88267661e-03
  0.00000000e+00  5.86860567e-03  2.74069870e-03  0.00000000e+00
  1.39989168e-01  0.00000000e+00  0.00000000e+00  0.00000000e+00
 -1.39554168e+00 -2.67193108e-01 -1.90414884e-01 -2.84573512e-03
  0.00000000e+00 -2.26975128e-03 -3.52286116e-03  2.62079103e-03
  0.00000000e+00  0.00000000e+00 -1.84550701e-03  1.79887526e-03
 -4.43689683e-03  2.19852211e-03  0.00000000e+00  0.00000000e+00
 -6.26515959e-03  1.49313934e-03 -5.25842446e-02  0.00000000e+00
  0.00000000e+00  0.00000000e+00 -3.26076518e-03 -2.82668984e-03
  0.00000000e+00  0.00000000e+00  2.62361408e-03  0.00000000e+00
  1.07426307e-03 -5.92568830e-03  0.00000000e+00 -1.57491690e-03
 -8.03327376e-03  0.00000000e+00  8.00845523e-01  0.00000000e+00
  0.00000000e+00 -6.95841231e-02  8.81116323e-01 -4.65544119e-01
  0.00000000e+00 -1.43877006e-03  0.00000000e+00  6.12436295e-03
  1.39745347e-03  0.00000000e+00  4.69422449e-03 -1.45723156e-03
  0.00000000e+00  7.35746531e-03  0.00000000e+00  0.00000000e+00]
Objective function minimum result: 0.010374752160177986
MSE minimum result: 0.0009136676882847316
Sparsity result: 61
Total time used: 0.061719791032373905
========================Steepest descent: ========================
N samples: 1000, N features: 100
(Initial) Learning rate: 0.01, lambda1: 0.001, lambda2: 0.001
Converged: True, n_iters: 10
Final beta: [ 1.76576484e-03  1.92842612e-03 -2.06013052e-03  0.00000000e+00
  0.00000000e+00  0.00000000e+00  0.00000000e+00  1.66724702e-03
  2.35011219e-03  1.96904954e-03  1.13195180e-03  0.00000000e+00
  0.00000000e+00  1.02189783e-03  1.37187470e-03 -2.18069852e-03
  2.02951497e-03  1.34668325e-03  1.11476972e-03  0.00000000e+00
  0.00000000e+00  7.55812298e-01  1.54751134e-03 -1.02633369e-03
  0.00000000e+00  0.00000000e+00 -1.19221842e-03 -1.35876330e-03
  1.43064048e-03 -1.04773397e-03 -1.16081972e-03 -1.71310432e-03
  1.23375963e-03  1.50109231e-03 -1.24190740e-03  1.27456016e-03
 -1.39306069e-03 -1.24127978e-03 -1.77548024e-03  2.18312004e-03
 -2.15695712e-03  0.00000000e+00  1.09933706e-03 -1.21057863e-03
  1.48046539e-01  0.00000000e+00  1.26164606e-03 -1.20060381e-03
 -1.41538094e+00 -2.67252721e-01 -1.97639093e-01  0.00000000e+00
  0.00000000e+00 -1.00113835e-03 -1.32327423e-03  1.02892218e-03
  2.27864694e-03  0.00000000e+00  0.00000000e+00 -1.02060401e-03
  0.00000000e+00  1.32432168e-03 -1.11649138e-03  1.69171162e-03
  0.00000000e+00  0.00000000e+00 -4.81266324e-02  0.00000000e+00
  1.62086054e-03  0.00000000e+00  1.38879867e-03  0.00000000e+00
  0.00000000e+00  0.00000000e+00  1.22192600e-03  1.13317076e-03
 -1.88609938e-03  0.00000000e+00  1.73774800e-03  0.00000000e+00
 -1.78416752e-03 -1.40257906e-03  8.15091683e-01  1.27589783e-03
  1.54887071e-03 -7.51599345e-02  8.89295542e-01 -4.76957627e-01
  1.14692360e-03  1.38624848e-03  1.00426958e-03  1.92841597e-03
  0.00000000e+00 -1.00759964e-03  0.00000000e+00 -1.26930509e-03
  0.00000000e+00  0.00000000e+00  0.00000000e+00  0.00000000e+00]
Objective function minimum result: 0.009745263600669683
MSE minimum result: 0.00017401893528092648
Sparsity result: 68
Total time used: 0.005597874987870455
========================Newton: ========================
N samples: 1000, N features: 100
(Initial) Learning rate: 0.01, lambda1: 0.001, lambda2: 0.001
Converged: False, n_iters: 2000
Final beta: [ 0.00000000e+00  0.00000000e+00  0.00000000e+00 -1.05367917e-03
  1.22593042e-03  1.07890895e-03 -1.06665118e-03  0.00000000e+00
  0.00000000e+00  2.02637236e-03  0.00000000e+00 -1.25242497e-03
  0.00000000e+00 -1.79168471e-03  0.00000000e+00  1.43925499e-03
  0.00000000e+00 -1.04930745e-03  0.00000000e+00  0.00000000e+00
  0.00000000e+00  7.56603662e-01 -1.27988801e-03  0.00000000e+00
  0.00000000e+00  0.00000000e+00 -1.39282356e-03  1.10011227e-03
  0.00000000e+00  0.00000000e+00  0.00000000e+00  0.00000000e+00
  0.00000000e+00  0.00000000e+00  0.00000000e+00  1.40849896e-03
  1.11895254e-03 -1.33500155e-03  1.02231279e-03  0.00000000e+00
  0.00000000e+00  0.00000000e+00  0.00000000e+00  0.00000000e+00
  1.47983140e-01  0.00000000e+00  0.00000000e+00  1.13213438e-03
 -1.41734928e+00 -2.67264967e-01 -1.97650004e-01  0.00000000e+00
  1.08833176e-03  0.00000000e+00  1.16298864e-03 -1.20810241e-03
  0.00000000e+00  0.00000000e+00 -1.17364447e-03  0.00000000e+00
  0.00000000e+00  0.00000000e+00  0.00000000e+00  0.00000000e+00
  1.05430800e-03  2.18261674e-03 -4.83307758e-02  1.14134390e-03
  0.00000000e+00  0.00000000e+00  0.00000000e+00  0.00000000e+00
  0.00000000e+00  0.00000000e+00  0.00000000e+00  0.00000000e+00
  1.08840754e-03  1.21019291e-03 -1.01741090e-03 -2.04968368e-03
  0.00000000e+00 -1.37346315e-03  8.15465785e-01  1.26993921e-03
  0.00000000e+00 -7.54263447e-02  8.89540751e-01 -4.77370943e-01
 -1.31988595e-03  1.06389876e-03  1.01750290e-03  0.00000000e+00
 -1.16825985e-03  0.00000000e+00  0.00000000e+00  0.00000000e+00
  0.00000000e+00  0.00000000e+00  0.00000000e+00  0.00000000e+00]
Objective function minimum result: 0.009640331531403432
MSE minimum result: 9.802527008249914e-05
Sparsity result: 44
Total time used: 0.6353288749232888
========================Coordinate descent: ========================
N samples: 1000, N features: 100
(Initial) Learning rate: 0.01, lambda1: 0.001, lambda2: 0.001
Converged: True, n_iters: 100
Final beta: [ 0.          0.          0.          0.          0.          0.
  0.          0.          0.          0.          0.          0.
  0.          0.          0.          0.          0.          0.
  0.          0.          0.          0.75635515  0.          0.
  0.          0.          0.          0.          0.          0.
  0.          0.          0.          0.          0.          0.
  0.          0.          0.          0.          0.          0.
  0.          0.          0.14770142  0.          0.          0.
 -1.41689572 -0.26731103 -0.19749479  0.          0.          0.
  0.          0.          0.          0.          0.          0.
  0.          0.          0.          0.          0.          0.
 -0.04845986  0.          0.          0.          0.          0.
  0.          0.          0.          0.          0.          0.
  0.          0.          0.          0.          0.81555793  0.
  0.         -0.07544574  0.88950141 -0.47714924  0.          0.
  0.          0.          0.          0.          0.          0.
  0.          0.          0.          0.        ]
Objective function minimum result: 0.009572633748852099
MSE minimum result: 7.676043439379252e-05
Sparsity result: 10
Total time used: 1.7643074169754982
========================Lagrange dual: ========================
N samples: 1000, N features: 100
Final beta: [ 0.00000000e+00  0.00000000e+00  0.00000000e+00  0.00000000e+00
 -1.40381046e-03  0.00000000e+00  0.00000000e+00 -1.17613798e-03
  0.00000000e+00  0.00000000e+00  0.00000000e+00 -1.52380502e-03
  0.00000000e+00  0.00000000e+00  0.00000000e+00 -1.75114610e-03
  0.00000000e+00  0.00000000e+00 -1.64014037e-03  0.00000000e+00
  0.00000000e+00  7.56541391e-01  0.00000000e+00 -1.46618880e-03
 -1.19481627e-03  0.00000000e+00 -1.48184278e-03  0.00000000e+00
  0.00000000e+00 -1.44438498e-03  0.00000000e+00  0.00000000e+00
 -1.27711405e-03  0.00000000e+00 -1.53119715e-03 -1.52592541e-03
  0.00000000e+00  0.00000000e+00 -1.73952640e-03  0.00000000e+00
 -1.13738252e-03 -1.65612659e-03  0.00000000e+00  0.00000000e+00
  1.48344199e-01  0.00000000e+00  0.00000000e+00  0.00000000e+00
 -1.42294761e+00 -2.69191749e-01 -2.00253171e-01  0.00000000e+00
  0.00000000e+00  0.00000000e+00  0.00000000e+00  0.00000000e+00
  0.00000000e+00  0.00000000e+00  0.00000000e+00  0.00000000e+00
  0.00000000e+00  0.00000000e+00  0.00000000e+00  0.00000000e+00
  0.00000000e+00  0.00000000e+00 -5.05541792e-02  0.00000000e+00
  0.00000000e+00  1.37225063e-03  0.00000000e+00 -1.96144797e-03
 -1.11079823e-03  0.00000000e+00  0.00000000e+00 -1.11112629e-03
  0.00000000e+00 -1.63639661e-03 -1.06546579e-03  0.00000000e+00
 -2.35876408e-03  0.00000000e+00  8.16994110e-01  0.00000000e+00
 -1.18281400e-03 -7.76585978e-02  8.93137059e-01 -4.79200764e-01
  0.00000000e+00  0.00000000e+00  0.00000000e+00  0.00000000e+00
  0.00000000e+00  0.00000000e+00 -1.34586617e-03  0.00000000e+00
  0.00000000e+00  0.00000000e+00  0.00000000e+00  0.00000000e+00]
Final v: [5000.]
MSE minimum result: 8.121344207830953e-05
Sparsity result: 34
Total time used: 1.426951083005406
========================Gradient descent: ========================
N samples: 1000, N features: 100
(Initial) Learning rate: 0.001, lambda1: 0.1, lambda2: 0.1
Converged: True, n_iters: 1496
Final beta: [ 0.          0.          0.          0.          0.          0.
  0.          0.          0.          0.          0.          0.
  0.          0.          0.          0.          0.          0.
  0.          0.          0.          0.44101372  0.          0.
  0.          0.          0.         -0.01348743  0.          0.
  0.          0.          0.          0.          0.          0.
  0.          0.          0.          0.          0.          0.
  0.          0.          0.00558969  0.          0.          0.
 -0.88864362 -0.11996947 -0.02143498  0.          0.          0.
  0.          0.          0.          0.          0.          0.
  0.          0.          0.          0.          0.          0.
  0.          0.          0.          0.          0.          0.
  0.          0.          0.          0.          0.          0.
  0.          0.          0.          0.          0.47460801  0.
  0.          0.          0.55183737 -0.21256697  0.          0.
  0.          0.          0.          0.          0.          0.
  0.          0.          0.          0.        ]
Objective function minimum result: 0.7852034666928822
MSE minimum result: 0.35486755424609084
Sparsity result: 9
Total time used: 0.1692146669374779
========================Steepest descent: ========================
N samples: 1000, N features: 100
(Initial) Learning rate: 0.001, lambda1: 0.1, lambda2: 0.1
Converged: True, n_iters: 20
Final beta: [ 0.00354151  0.          0.          0.          0.00655398  0.
  0.          0.          0.          0.01197252  0.          0.
  0.         -0.03427389  0.          0.00637214  0.          0.
  0.          0.          0.          0.46427904 -0.00223877  0.
  0.0048165  -0.01565467  0.         -0.06415556  0.          0.
  0.          0.          0.          0.          0.          0.
  0.          0.02053031  0.          0.00595615  0.          0.00263657
  0.          0.          0.02557108  0.          0.          0.
 -0.91712568 -0.15489944 -0.04431136  0.          0.          0.
  0.          0.          0.          0.          0.          0.
  0.          0.          0.          0.         -0.01457559  0.
 -0.02314506  0.          0.          0.          0.          0.
  0.          0.          0.          0.          0.          0.
  0.          0.         -0.00861212  0.          0.50196249  0.
  0.         -0.00473352  0.58801511 -0.23910154  0.          0.
  0.          0.          0.          0.          0.          0.
  0.          0.02662604  0.          0.        ]
Objective function minimum result: 0.7831683738495487
MSE minimum result: 0.28940187759461106
Sparsity result: 25
Total time used: 0.018176957964897156
========================Newton: ========================
N samples: 1000, N features: 100
(Initial) Learning rate: 0.001, lambda1: 0.1, lambda2: 0.1
Converged: False, n_iters: 2000
Final beta: [-0.092213    0.04886833 -0.09256671 -0.11717938 -0.05505641  0.07800399
  0.12449411 -0.11003671 -0.10396267 -0.07768681 -0.07822072 -0.1201525
 -0.10681899  0.01714187 -0.05873527 -0.05134851 -0.11334878 -0.10238396
 -0.08307533  0.0782041   0.11634619  0.59988375  0.0628536  -0.09065358
 -0.06085578  0.06777114 -0.103253    0.08368739 -0.09270475 -0.06871139
  0.11048547  0.09933134  0.08290846 -0.10277691 -0.07806864  0.04776601
 -0.0813308  -0.09923532 -0.05322595 -0.10643369 -0.11627626 -0.07094502
 -0.10298025 -0.03717298  0.22210507 -0.08344428  0.0677445  -0.10301029
 -1.20162197 -0.14140159 -0.0638749   0.03970762  0.10648179  0.10896666
  0.10483454 -0.05545124  0.06641207 -0.02158211  0.08303002 -0.07408099
  0.0971043  -0.10647144 -0.10205012 -0.08590533  0.05817469 -0.05019885
  0.04547898  0.09546167  0.09831147 -0.10442594  0.07868406  0.09449888
 -0.10073418  0.09606322 -0.10381819 -0.06524169 -0.11604626  0.13977793
 -0.06465183  0.07300376  0.12382402 -0.04833551  0.64921922  0.12415614
  0.06720032 -0.19150276  0.69889284 -0.27693552  0.09447361  0.05304558
  0.07884748 -0.11220226 -0.08117062 -0.1296711  -0.0606845   0.11355824
 -0.10496293 -0.05322723  0.05532138  0.10210199]
Objective function minimum result: 1.9923434722182976
MSE minimum result: 0.45211484462136586
Sparsity result: 100
Total time used: 0.6396670830436051
========================Coordinate descent: ========================
N samples: 1000, N features: 100
(Initial) Learning rate: 0.001, lambda1: 0.1, lambda2: 0.1
Converged: True, n_iters: 100
Final beta: [ 0.          0.          0.          0.          0.          0.
  0.          0.          0.          0.          0.          0.
  0.          0.          0.          0.          0.          0.
  0.          0.          0.          0.54027709  0.          0.
  0.          0.          0.          0.          0.          0.
  0.          0.          0.          0.          0.          0.
  0.          0.          0.          0.          0.          0.
  0.          0.          0.02252676  0.          0.          0.
 -1.08134318 -0.1404177  -0.05165984  0.          0.          0.
  0.          0.          0.          0.          0.          0.
  0.          0.          0.          0.          0.          0.
  0.          0.          0.          0.          0.          0.
  0.          0.          0.          0.          0.          0.
  0.          0.          0.          0.          0.58184259  0.
  0.          0.          0.65949406 -0.27857768  0.          0.
  0.          0.          0.          0.          0.          0.
  0.          0.          0.          0.        ]
Objective function minimum result: 0.7415820149759951
MSE minimum result: 0.17245068126119595
Sparsity result: 8
Total time used: 3.8638049999717623
